<?xml version="1.0" encoding="UTF-8"?>
<testng-results skipped="0" failed="0" total="1" passed="1">
  <reporter-output>
  </reporter-output>
  <suite name="Suite" duration-ms="14414" started-at="2018-07-26T06:47:09Z" finished-at="2018-07-26T06:47:23Z">
    <groups>
    </groups>
    <test name="Test" duration-ms="14414" started-at="2018-07-26T06:47:09Z" finished-at="2018-07-26T06:47:23Z">
      <class name="zephyr.zephyrc">
        <test-method status="PASS" signature="zephyrtesting()[pri:0, instance:zephyr.zephyrc@7a92922]" name="zephyrtesting" duration-ms="14378" started-at="2018-07-26T12:17:09Z" finished-at="2018-07-26T12:17:23Z">
          <reporter-output>
          </reporter-output>
        </test-method> <!-- zephyrtesting -->
      </class> <!-- zephyr.zephyrc -->
    </test> <!-- Test -->
  </suite> <!-- Suite -->
</testng-results>
